#
# There is insufficient memory for the Java Runtime Environment to continue.
# Cannot create GC thread. Out of system resources.
# Possible reasons:
#   The system is out of physical RAM or swap space
#   In 32 bit mode, the process size limit was hit
# Possible solutions:
#   Reduce memory load on the system
#   Increase physical memory or swap space
#   Check if swap backing store is full
#   Use 64 bit Java on a 64 bit OS
#   Decrease Java heap size (-Xmx/-Xms)
#   Decrease number of Java threads
#   Decrease Java thread stack sizes (-Xss)
#   Set larger code cache with -XX:ReservedCodeCacheSize=
# This output file may be truncated or incomplete.
#
#  Out of Memory Error (gcTaskThread.cpp:46), pid=9249, tid=139675011102464
#
# JRE version:  (7.0_55-b13) (build )
# Java VM: Java HotSpot(TM) 64-Bit Server VM (24.55-b03 mixed mode linux-amd64 compressed oops)
# Failed to write core dump. Core dumps have been disabled. To enable core dumping, try "ulimit -c unlimited" before starting Java again
#

---------------  T H R E A D  ---------------

Current thread (0x00007f0898008800):  JavaThread "Unknown thread" [_thread_in_vm, id=9251, stack(0x00007f089f5bb000,0x00007f089f6bc000)]

Stack: [0x00007f089f5bb000,0x00007f089f6bc000],  sp=0x00007f089f6ba540,  free space=1021k
Native frames: (J=compiled Java code, j=interpreted, Vv=VM code, C=native code)
V  [libjvm.so+0x99305a]  VMError::report_and_die()+0x2ea
V  [libjvm.so+0x4931fb]  report_vm_out_of_memory(char const*, int, unsigned long, char const*)+0x9b
V  [libjvm.so+0x55133a]  GCTaskThread::GCTaskThread(GCTaskManager*, unsigned int, unsigned int)+0x11a
V  [libjvm.so+0x5508b8]  GCTaskManager::initialize()+0x2b8
V  [libjvm.so+0x83450c]  ParallelScavengeHeap::initialize()+0x76c
V  [libjvm.so+0x9665da]  Universe::initialize_heap()+0xca
V  [libjvm.so+0x9677a9]  universe_init()+0x79
V  [libjvm.so+0x5a9675]  init_globals()+0x65
V  [libjvm.so+0x94f09d]  Threads::create_vm(JavaVMInitArgs*, bool*)+0x1ed
V  [libjvm.so+0x630834]  JNI_CreateJavaVM+0x74
C  [libjli.so+0x2f8e]  JavaMain+0x9e


---------------  P R O C E S S  ---------------

Java Threads: ( => current thread )

Other Threads:

=>0x00007f0898008800 (exited) JavaThread "Unknown thread" [_thread_in_vm, id=9251, stack(0x00007f089f5bb000,0x00007f089f6bc000)]

VM state:not at safepoint (not fully initialized)

VM Mutex/Monitor currently owned by a thread: None

GC Heap History (0 events):
No events

Deoptimization events (0 events):
No events

Internal exceptions (0 events):
No events

Events (0 events):
No events


Dynamic libraries:
00400000-00401000 r-xp 00000000 00:17 2383468                            /eecs/local/pkg/jdk-1.7.0_55/bin/java
00600000-00601000 rw-p 00000000 00:17 2383468                            /eecs/local/pkg/jdk-1.7.0_55/bin/java
01c62000-01c83000 rw-p 00000000 00:00 0                                  [heap]
6c4800000-6c5d00000 rw-p 00000000 00:00 0 
6c5d00000-6c9a00000 rw-p 00000000 00:00 0 
6c9a00000-6d6880000 rw-p 00000000 00:00 0 
6d6880000-798880000 rw-p 00000000 00:00 0 
798880000-79f000000 rw-p 00000000 00:00 0 
79f000000-800000000 rw-p 00000000 00:00 0 
3d58c00000-3d58c20000 r-xp 00000000 fd:00 262646                         /lib64/ld-2.12.so
3d58e1f000-3d58e20000 r--p 0001f000 fd:00 262646                         /lib64/ld-2.12.so
3d58e20000-3d58e21000 rw-p 00020000 fd:00 262646                         /lib64/ld-2.12.so
3d58e21000-3d58e22000 rw-p 00000000 00:00 0 
3d59400000-3d5958a000 r-xp 00000000 fd:00 262647                         /lib64/libc-2.12.so
3d5958a000-3d5978a000 ---p 0018a000 fd:00 262647                         /lib64/libc-2.12.so
3d5978a000-3d5978e000 r--p 0018a000 fd:00 262647                         /lib64/libc-2.12.so
3d5978e000-3d5978f000 rw-p 0018e000 fd:00 262647                         /lib64/libc-2.12.so
3d5978f000-3d59794000 rw-p 00000000 00:00 0 
3d59800000-3d59883000 r-xp 00000000 fd:00 262660                         /lib64/libm-2.12.so
3d59883000-3d59a82000 ---p 00083000 fd:00 262660                         /lib64/libm-2.12.so
3d59a82000-3d59a83000 r--p 00082000 fd:00 262660                         /lib64/libm-2.12.so
3d59a83000-3d59a84000 rw-p 00083000 fd:00 262660                         /lib64/libm-2.12.so
3d59c00000-3d59c17000 r-xp 00000000 fd:00 262648                         /lib64/libpthread-2.12.so
3d59c17000-3d59e17000 ---p 00017000 fd:00 262648                         /lib64/libpthread-2.12.so
3d59e17000-3d59e18000 r--p 00017000 fd:00 262648                         /lib64/libpthread-2.12.so
3d59e18000-3d59e19000 rw-p 00018000 fd:00 262648                         /lib64/libpthread-2.12.so
3d59e19000-3d59e1d000 rw-p 00000000 00:00 0 
3d5a000000-3d5a002000 r-xp 00000000 fd:00 262653                         /lib64/libdl-2.12.so
3d5a002000-3d5a202000 ---p 00002000 fd:00 262653                         /lib64/libdl-2.12.so
3d5a202000-3d5a203000 r--p 00002000 fd:00 262653                         /lib64/libdl-2.12.so
3d5a203000-3d5a204000 rw-p 00003000 fd:00 262653                         /lib64/libdl-2.12.so
3d5a400000-3d5a407000 r-xp 00000000 fd:00 262649                         /lib64/librt-2.12.so
3d5a407000-3d5a606000 ---p 00007000 fd:00 262649                         /lib64/librt-2.12.so
3d5a606000-3d5a607000 r--p 00006000 fd:00 262649                         /lib64/librt-2.12.so
3d5a607000-3d5a608000 rw-p 00007000 fd:00 262649                         /lib64/librt-2.12.so
7f0895000000-7f0895270000 rwxp 00000000 00:00 0 
7f0895270000-7f089802b000 rw-p 00000000 00:00 0 
7f089802b000-7f089c000000 ---p 00000000 00:00 0 
7f089d5d2000-7f089da17000 rw-p 00000000 00:00 0 
7f089da17000-7f089da18000 ---p 00000000 00:00 0 
7f089da18000-7f089db18000 rw-p 00000000 00:00 0 
7f089db18000-7f089db19000 ---p 00000000 00:00 0 
7f089db19000-7f089dc81000 rw-p 00000000 00:00 0 
7f089dc81000-7f089e291000 rw-p 00000000 00:00 0 
7f089e291000-7f089e29c000 rw-p 00000000 00:00 0 
7f089e29c000-7f089e2ba000 rw-p 00000000 00:00 0 
7f089e2ba000-7f089e322000 rw-p 00000000 00:00 0 
7f089e322000-7f089e931000 rw-p 00000000 00:00 0 
7f089e931000-7f089e965000 rw-p 00000000 00:00 0 
7f089e965000-7f089ec6d000 rw-p 00000000 00:00 0 
7f089ec6d000-7f089ec78000 rw-p 00000000 00:00 0 
7f089ec78000-7f089ed2e000 rw-p 00000000 00:00 0 
7f089ed2e000-7f089ed48000 r-xp 00000000 00:17 5906147                    /eecs/local/pkg/jdk-1.7.0_55/jre/lib/amd64/libzip.so
7f089ed48000-7f089ef48000 ---p 0001a000 00:17 5906147                    /eecs/local/pkg/jdk-1.7.0_55/jre/lib/amd64/libzip.so
7f089ef48000-7f089ef49000 rw-p 0001a000 00:17 5906147                    /eecs/local/pkg/jdk-1.7.0_55/jre/lib/amd64/libzip.so
7f089ef49000-7f089ef55000 r-xp 00000000 fd:00 262175                     /lib64/libnss_files-2.12.so
7f089ef55000-7f089f155000 ---p 0000c000 fd:00 262175                     /lib64/libnss_files-2.12.so
7f089f155000-7f089f156000 r--p 0000c000 fd:00 262175                     /lib64/libnss_files-2.12.so
7f089f156000-7f089f157000 rw-p 0000d000 fd:00 262175                     /lib64/libnss_files-2.12.so
7f089f159000-7f089f164000 rw-p 00000000 00:00 0 
7f089f164000-7f089f182000 rw-p 00000000 00:00 0 
7f089f182000-7f089f1ab000 r-xp 00000000 00:17 5906117                    /eecs/local/pkg/jdk-1.7.0_55/jre/lib/amd64/libjava.so
7f089f1ab000-7f089f3ab000 ---p 00029000 00:17 5906117                    /eecs/local/pkg/jdk-1.7.0_55/jre/lib/amd64/libjava.so
7f089f3ab000-7f089f3ad000 rw-p 00029000 00:17 5906117                    /eecs/local/pkg/jdk-1.7.0_55/jre/lib/amd64/libjava.so
7f089f3ad000-7f089f3ba000 r-xp 00000000 00:17 5906146                    /eecs/local/pkg/jdk-1.7.0_55/jre/lib/amd64/libverify.so
7f089f3ba000-7f089f5b9000 ---p 0000d000 00:17 5906146                    /eecs/local/pkg/jdk-1.7.0_55/jre/lib/amd64/libverify.so
7f089f5b9000-7f089f5bb000 rw-p 0000c000 00:17 5906146                    /eecs/local/pkg/jdk-1.7.0_55/jre/lib/amd64/libverify.so
7f089f5bb000-7f089f5be000 ---p 00000000 00:00 0 
7f089f5be000-7f089f6bc000 rw-p 00000000 00:00 0 
7f089f6bc000-7f08a021e000 r-xp 00000000 00:17 5906151                    /eecs/local/pkg/jdk-1.7.0_55/jre/lib/amd64/server/libjvm.so
7f08a021e000-7f08a041e000 ---p 00b62000 00:17 5906151                    /eecs/local/pkg/jdk-1.7.0_55/jre/lib/amd64/server/libjvm.so
7f08a041e000-7f08a04e1000 rw-p 00b62000 00:17 5906151                    /eecs/local/pkg/jdk-1.7.0_55/jre/lib/amd64/server/libjvm.so
7f08a04e1000-7f08a0525000 rw-p 00000000 00:00 0 
7f08a0525000-7f08a053b000 r-xp 00000000 00:17 5906735                    /eecs/local/pkg/jdk-1.7.0_55/lib/amd64/jli/libjli.so
7f08a053b000-7f08a073b000 ---p 00016000 00:17 5906735                    /eecs/local/pkg/jdk-1.7.0_55/lib/amd64/jli/libjli.so
7f08a073b000-7f08a073c000 rw-p 00016000 00:17 5906735                    /eecs/local/pkg/jdk-1.7.0_55/lib/amd64/jli/libjli.so
7f08a073c000-7f08a073d000 rw-p 00000000 00:00 0 
7f08a075e000-7f08a0766000 rw-s 00000000 fd:00 14945214                   /tmp/hsperfdata_cse22010/9249
7f08a0766000-7f08a0767000 rw-p 00000000 00:00 0 
7f08a0767000-7f08a0768000 r--p 00000000 00:00 0 
7f08a0768000-7f08a0769000 rw-p 00000000 00:00 0 
7ffc2fc77000-7ffc2fc8d000 rw-p 00000000 00:00 0                          [stack]
7ffc2fd20000-7ffc2fd21000 r-xp 00000000 00:00 0                          [vdso]
ffffffffff600000-ffffffffff601000 r-xp 00000000 00:00 0                  [vsyscall]

VM Arguments:
jvm_args: -Dfile.encoding=UTF-8 
java_command: Project.FunctionTables
Launcher Type: SUN_STANDARD

Environment Variables:
JAVA_HOME=/cs/local/pkg/jdk
CLASSPATH=.::/cs/home/cse22010/classpath:/cs/local/share/classpath:/cs/fac/share/classpath:/cs/fac/share/classpath/acm/acm.jar:/cs/fac/share/classpath/bil/examcode.jar:/cs/fac/share/classpath/bil/exam2012code.jar:/cs/fac/share/classpath/derby/derbyclient.jar:/cs/fac/share/classpath/derby/derbyLocale_it.jar:/cs/fac/share/classpath/derby/derbyLocale_es.jar:/cs/fac/share/classpath/derby/derbytools.jar:/cs/fac/share/classpath/derby/derby.jar:/cs/fac/share/classpath/derby/derbyLocale_zh_CN.jar:/cs/fac/share/classpath/derby/derbyLocale_ko_KR.jar:/cs/fac/share/classpath/derby/derbyLocale_ja_JP.jar:/cs/fac/share/classpath/derby/derbyLocale_cs.jar:/cs/fac/share/classpath/derby/derbyLocale_de_DE.jar:/cs/fac/share/classpath/derby/derbyLocale_ru.jar:/cs/fac/share/classpath/derby/derbynet.jar:/cs/fac/share/classpath/derby/derbyLocale_pl.jar:/cs/fac/share/classpath/derby/derbyLocale_fr.jar:/cs/fac/share/classpath/derby/derbyrun.jar:/cs/fac/share/classpath/derby/derbyLocale_zh_TW.jar:/cs/fac/share/classpath/derby/derbyLocale_pt_BR.jar:/cs/fac/share/classpath/derby/derbyLocale_hu.jar:/cs/fac/share/classpath/type/type.jar
PATH=/bin:/usr/bin:/sbin:/cs/local/bin
LD_LIBRARY_PATH=/cse/local/pkg/eclipse:/cs/local/lib64
SHELL=/cs/local/bin/tcsh
DISPLAY=localhost:14.0
HOSTTYPE=x86_64-linux
OSTYPE=linux
MACHTYPE=x86_64

Signal Handlers:
SIGSEGV: [libjvm.so+0x993980], sa_mask[0]=0x7ffbfeff, sa_flags=0x10000004
SIGBUS: [libjvm.so+0x993980], sa_mask[0]=0x7ffbfeff, sa_flags=0x10000004
SIGFPE: [libjvm.so+0x8106e0], sa_mask[0]=0x7ffbfeff, sa_flags=0x10000004
SIGPIPE: [libjvm.so+0x8106e0], sa_mask[0]=0x7ffbfeff, sa_flags=0x10000004
SIGXFSZ: [libjvm.so+0x8106e0], sa_mask[0]=0x7ffbfeff, sa_flags=0x10000004
SIGILL: [libjvm.so+0x8106e0], sa_mask[0]=0x7ffbfeff, sa_flags=0x10000004
SIGUSR1: SIG_DFL, sa_mask[0]=0x00000000, sa_flags=0x00000000
SIGUSR2: [libjvm.so+0x811bd0], sa_mask[0]=0x00000004, sa_flags=0x10000004
SIGHUP: SIG_DFL, sa_mask[0]=0x00000000, sa_flags=0x00000000
SIGINT: SIG_DFL, sa_mask[0]=0x00000000, sa_flags=0x00000000
SIGTERM: SIG_DFL, sa_mask[0]=0x00000000, sa_flags=0x00000000
SIGQUIT: SIG_DFL, sa_mask[0]=0x00000000, sa_flags=0x00000000


---------------  S Y S T E M  ---------------

OS:CentOS release 6.7 (Final)

uname:Linux 2.6.32-573.3.1.el6.cse.x86_64 #1 SMP Thu Aug 20 14:09:07 EDT 2015 x86_64
libc:glibc 2.12 NPTL 2.12 
rlimit: STACK 10240k, CORE 0k, NPROC 1024, NOFILE 4096, AS infinity
load average:6.52 6.89 6.92

/proc/meminfo:
MemTotal:       20338612 kB
MemFree:         6332272 kB
Buffers:          232960 kB
Cached:          7174424 kB
SwapCached:        19928 kB
Active:          7680036 kB
Inactive:        5478348 kB
Active(anon):    5645912 kB
Inactive(anon):   110968 kB
Active(file):    2034124 kB
Inactive(file):  5367380 kB
Unevictable:           0 kB
Mlocked:               0 kB
SwapTotal:       8224764 kB
SwapFree:        7542652 kB
Dirty:               564 kB
Writeback:             0 kB
AnonPages:       5739860 kB
Mapped:           189088 kB
Shmem:              6100 kB
Slab:             524368 kB
SReclaimable:     438776 kB
SUnreclaim:        85592 kB
KernelStack:       32384 kB
PageTables:       112288 kB
NFS_Unstable:          0 kB
Bounce:                0 kB
WritebackTmp:          0 kB
CommitLimit:    18394068 kB
Committed_AS:   32641644 kB
VmallocTotal:   34359738367 kB
VmallocUsed:       67120 kB
VmallocChunk:   34359668636 kB
HardwareCorrupted:     0 kB
AnonHugePages:   4016128 kB
HugePages_Total:       0
HugePages_Free:        0
HugePages_Rsvd:        0
HugePages_Surp:        0
Hugepagesize:       2048 kB
DirectMap4k:        8180 kB
DirectMap2M:    20963328 kB


CPU:total 6 (1 cores per cpu, 1 threads per core) family 6 model 42 stepping 1, cmov, cx8, fxsr, mmx, sse, sse2, sse3, ssse3, sse4.1, sse4.2, popcnt, avx, aes, tsc

/proc/cpuinfo:
processor	: 0
vendor_id	: GenuineIntel
cpu family	: 6
model		: 42
model name	: Intel Xeon E312xx (Sandy Bridge)
stepping	: 1
microcode	: 1
cpu MHz		: 2999.998
cache size	: 4096 KB
physical id	: 0
siblings	: 1
core id		: 0
cpu cores	: 1
apicid		: 0
initial apicid	: 0
fpu		: yes
fpu_exception	: yes
cpuid level	: 13
wp		: yes
flags		: fpu de pse tsc msr pae mce cx8 apic sep mtrr pge mca cmov pat pse36 clflush mmx fxsr sse sse2 syscall nx lm constant_tsc rep_good unfair_spinlock pni pclmulqdq ssse3 cx16 sse4_1 sse4_2 x2apic popcnt tsc_deadline_timer aes xsave avx hypervisor lahf_lm xsaveopt
bogomips	: 5999.99
clflush size	: 64
cache_alignment	: 64
address sizes	: 46 bits physical, 48 bits virtual
power management:

processor	: 1
vendor_id	: GenuineIntel
cpu family	: 6
model		: 42
model name	: Intel Xeon E312xx (Sandy Bridge)
stepping	: 1
microcode	: 1
cpu MHz		: 2999.998
cache size	: 4096 KB
physical id	: 1
siblings	: 1
core id		: 0
cpu cores	: 1
apicid		: 1
initial apicid	: 1
fpu		: yes
fpu_exception	: yes
cpuid level	: 13
wp		: yes
flags		: fpu de pse tsc msr pae mce cx8 apic sep mtrr pge mca cmov pat pse36 clflush mmx fxsr sse sse2 syscall nx lm constant_tsc rep_good unfair_spinlock pni pclmulqdq ssse3 cx16 sse4_1 sse4_2 x2apic popcnt tsc_deadline_timer aes xsave avx hypervisor lahf_lm xsaveopt
bogomips	: 5999.99
clflush size	: 64
cache_alignment	: 64
address sizes	: 46 bits physical, 48 bits virtual
power management:

processor	: 2
vendor_id	: GenuineIntel
cpu family	: 6
model		: 42
model name	: Intel Xeon E312xx (Sandy Bridge)
stepping	: 1
microcode	: 1
cpu MHz		: 2999.998
cache size	: 4096 KB
physical id	: 2
siblings	: 1
core id		: 0
cpu cores	: 1
apicid		: 2
initial apicid	: 2
fpu		: yes
fpu_exception	: yes
cpuid level	: 13
wp		: yes
flags		: fpu de pse tsc msr pae mce cx8 apic sep mtrr pge mca cmov pat pse36 clflush mmx fxsr sse sse2 syscall nx lm constant_tsc rep_good unfair_spinlock pni pclmulqdq ssse3 cx16 sse4_1 sse4_2 x2apic popcnt tsc_deadline_timer aes xsave avx hypervisor lahf_lm xsaveopt
bogomips	: 5999.99
clflush size	: 64
cache_alignment	: 64
address sizes	: 46 bits physical, 48 bits virtual
power management:

processor	: 3
vendor_id	: GenuineIntel
cpu family	: 6
model		: 42
model name	: Intel Xeon E312xx (Sandy Bridge)
stepping	: 1
microcode	: 1
cpu MHz		: 2999.998
cache size	: 4096 KB
physical id	: 3
siblings	: 1
core id		: 0
cpu cores	: 1
apicid		: 3
initial apicid	: 3
fpu		: yes
fpu_exception	: yes
cpuid level	: 13
wp		: yes
flags		: fpu de pse tsc msr pae mce cx8 apic sep mtrr pge mca cmov pat pse36 clflush mmx fxsr sse sse2 syscall nx lm constant_tsc rep_good unfair_spinlock pni pclmulqdq ssse3 cx16 sse4_1 sse4_2 x2apic popcnt tsc_deadline_timer aes xsave avx hypervisor lahf_lm xsaveopt
bogomips	: 5999.99
clflush size	: 64
cache_alignment	: 64
address sizes	: 46 bits physical, 48 bits virtual
power management:

processor	: 4
vendor_id	: GenuineIntel
cpu family	: 6
model		: 42
model name	: Intel Xeon E312xx (Sandy Bridge)
stepping	: 1
microcode	: 1
cpu MHz		: 2999.998
cache size	: 4096 KB
physical id	: 4
siblings	: 1
core id		: 0
cpu cores	: 1
apicid		: 4
initial apicid	: 4
fpu		: yes
fpu_exception	: yes
cpuid level	: 13
wp		: yes
flags		: fpu de pse tsc msr pae mce cx8 apic sep mtrr pge mca cmov pat pse36 clflush mmx fxsr sse sse2 syscall nx lm constant_tsc rep_good unfair_spinlock pni pclmulqdq ssse3 cx16 sse4_1 sse4_2 x2apic popcnt tsc_deadline_timer aes xsave avx hypervisor lahf_lm xsaveopt
bogomips	: 5999.99
clflush size	: 64
cache_alignment	: 64
address sizes	: 46 bits physical, 48 bits virtual
power management:

processor	: 5
vendor_id	: GenuineIntel
cpu family	: 6
model		: 42
model name	: Intel Xeon E312xx (Sandy Bridge)
stepping	: 1
microcode	: 1
cpu MHz		: 2999.998
cache size	: 4096 KB
physical id	: 5
siblings	: 1
core id		: 0
cpu cores	: 1
apicid		: 5
initial apicid	: 5
fpu		: yes
fpu_exception	: yes
cpuid level	: 13
wp		: yes
flags		: fpu de pse tsc msr pae mce cx8 apic sep mtrr pge mca cmov pat pse36 clflush mmx fxsr sse sse2 syscall nx lm constant_tsc rep_good unfair_spinlock pni pclmulqdq ssse3 cx16 sse4_1 sse4_2 x2apic popcnt tsc_deadline_timer aes xsave avx hypervisor lahf_lm xsaveopt
bogomips	: 5999.99
clflush size	: 64
cache_alignment	: 64
address sizes	: 46 bits physical, 48 bits virtual
power management:



Memory: 4k page, physical 20338612k(6332272k free), swap 8224764k(7542652k free)

vm_info: Java HotSpot(TM) 64-Bit Server VM (24.55-b03) for linux-amd64 JRE (1.7.0_55-b13), built on Mar 17 2014 19:43:58 by "java_re" with gcc 4.3.0 20080428 (Red Hat 4.3.0-8)

time: Mon Dec  7 23:45:45 2015
elapsed time: 0 seconds

